<?xml version="1.0" encoding="UTF-8"?>
<coverage generated="1551968050550" clover="3.2.0">
  <project timestamp="1551968050550" name="All files">
    <metrics statements="20" coveredstatements="19" conditionals="4" coveredconditionals="4" methods="6" coveredmethods="5" elements="30" coveredelements="28" complexity="0" loc="20" ncloc="20" packages="2" files="3" classes="3"/>
    <package name="clone-t-2">
      <metrics statements="1" coveredstatements="1" conditionals="0" coveredconditionals="0" methods="0" coveredmethods="0"/>
      <file name="setupEnzyme.js" path="C:\Users\wrse\Desktop\clone-t-2\setupEnzyme.js">
        <metrics statements="1" coveredstatements="1" conditionals="0" coveredconditionals="0" methods="0" coveredmethods="0"/>
        <line num="4" count="2" type="stmt"/>
      </file>
    </package>
    <package name="clone-t-2.lib.components.welcomePage">
      <metrics statements="19" coveredstatements="18" conditionals="4" coveredconditionals="4" methods="6" coveredmethods="5"/>
      <file name="DescriptionPage.js" path="C:\Users\wrse\Desktop\clone-t-2\lib\components\welcomePage\DescriptionPage.js">
        <metrics statements="5" coveredstatements="5" conditionals="0" coveredconditionals="0" methods="1" coveredmethods="1"/>
        <line num="4" count="1" type="stmt"/>
        <line num="13" count="1" type="stmt"/>
        <line num="18" count="1" type="stmt"/>
        <line num="25" count="1" type="stmt"/>
        <line num="31" count="1" type="stmt"/>
      </file>
      <file name="LoginPanel.js" path="C:\Users\wrse\Desktop\clone-t-2\lib\components\welcomePage\LoginPanel.js">
        <metrics statements="14" coveredstatements="13" conditionals="4" coveredconditionals="4" methods="5" coveredmethods="4"/>
        <line num="4" count="1" type="stmt"/>
        <line num="14" count="1" type="stmt"/>
        <line num="19" count="1" type="stmt"/>
        <line num="26" count="1" type="stmt"/>
        <line num="32" count="1" type="stmt"/>
        <line num="53" count="7" type="stmt"/>
        <line num="55" count="7" type="stmt"/>
        <line num="63" count="1" type="stmt"/>
        <line num="64" count="1" type="stmt"/>
        <line num="69" count="1" type="stmt"/>
        <line num="70" count="1" type="stmt"/>
        <line num="75" count="0" type="stmt"/>
        <line num="79" count="9" type="stmt"/>
        <line num="80" count="9" type="stmt"/>
      </file>
    </package>
  </project>
</coverage>
