{"C:\\Users\\wrse\\Desktop\\clone-t-2\\setupEnzyme.js": {"path":"C:\\Users\\wrse\\Desktop\\clone-t-2\\setupEnzyme.js","statementMap":{"0":{"start":{"line":4,"column":0},"end":{"line":4,"column":38}}},"fnMap":{},"branchMap":{},"s":{"0":2},"f":{},"b":{},"_coverageSchema":"43e27e138ebf9cfc5966b082cf9a028302ed4184","hash":"43ed0a04020ec96b417548b7886d5eaebb8ba8c7"}
,"C:\\Users\\wrse\\Desktop\\clone-t-2\\lib\\components\\welcomePage\\DescriptionPage.js": {"path":"C:\\Users\\wrse\\Desktop\\clone-t-2\\lib\\components\\welcomePage\\DescriptionPage.js","statementMap":{"0":{"start":{"line":4,"column":18},"end":{"line":11,"column":1}},"1":{"start":{"line":13,"column":15},"end":{"line":16,"column":1}},"2":{"start":{"line":18,"column":13},"end":{"line":23,"column":1}},"3":{"start":{"line":25,"column":13},"end":{"line":27,"column":1}},"4":{"start":{"line":31,"column":3},"end":{"line":51,"column":5}}},"fnMap":{"0":{"name":"DescriptionPage","decl":{"start":{"line":30,"column":9},"end":{"line":30,"column":24}},"loc":{"start":{"line":30,"column":27},"end":{"line":52,"column":1}},"line":30}},"branchMap":{},"s":{"0":1,"1":1,"2":1,"3":1,"4":1},"f":{"0":1},"b":{},"_coverageSchema":"43e27e138ebf9cfc5966b082cf9a028302ed4184","hash":"66712625bb8076038f376edd92fefe80090d0c54"}
,"C:\\Users\\wrse\\Desktop\\clone-t-2\\lib\\components\\welcomePage\\LoginPanel.js": {"path":"C:\\Users\\wrse\\Desktop\\clone-t-2\\lib\\components\\welcomePage\\LoginPanel.js","statementMap":{"0":{"start":{"line":4,"column":21},"end":{"line":12,"column":1}},"1":{"start":{"line":14,"column":24},"end":{"line":17,"column":1}},"2":{"start":{"line":19,"column":19},"end":{"line":24,"column":1}},"3":{"start":{"line":26,"column":29},"end":{"line":30,"column":1}},"4":{"start":{"line":32,"column":20},"end":{"line":49,"column":1}},"5":{"start":{"line":53,"column":6},"end":{"line":53,"column":19}},"6":{"start":{"line":55,"column":6},"end":{"line":58,"column":8}},"7":{"start":{"line":63,"column":6},"end":{"line":63,"column":61}},"8":{"start":{"line":64,"column":6},"end":{"line":64,"column":54}},"9":{"start":{"line":69,"column":6},"end":{"line":69,"column":58}},"10":{"start":{"line":70,"column":6},"end":{"line":70,"column":51}},"11":{"start":{"line":75,"column":6},"end":{"line":75,"column":57}},"12":{"start":{"line":79,"column":34},"end":{"line":79,"column":44}},"13":{"start":{"line":80,"column":6},"end":{"line":89,"column":8}}},"fnMap":{"0":{"name":"(anonymous_0)","decl":{"start":{"line":52,"column":3},"end":{"line":52,"column":4}},"loc":{"start":{"line":52,"column":22},"end":{"line":59,"column":4}},"line":52},"1":{"name":"(anonymous_1)","decl":{"start":{"line":61,"column":26},"end":{"line":61,"column":27}},"loc":{"start":{"line":61,"column":37},"end":{"line":65,"column":4}},"line":61},"2":{"name":"(anonymous_2)","decl":{"start":{"line":67,"column":23},"end":{"line":67,"column":24}},"loc":{"start":{"line":67,"column":34},"end":{"line":71,"column":4}},"line":67},"3":{"name":"(anonymous_3)","decl":{"start":{"line":73,"column":17},"end":{"line":73,"column":18}},"loc":{"start":{"line":73,"column":23},"end":{"line":76,"column":4}},"line":73},"4":{"name":"(anonymous_4)","decl":{"start":{"line":78,"column":3},"end":{"line":78,"column":4}},"loc":{"start":{"line":78,"column":12},"end":{"line":90,"column":4}},"line":78}},"branchMap":{"0":{"loc":{"start":{"line":56,"column":16},"end":{"line":56,"column":33}},"type":"binary-expr","locations":[{"start":{"line":56,"column":16},"end":{"line":56,"column":27}},{"start":{"line":56,"column":31},"end":{"line":56,"column":33}}],"line":56},"1":{"loc":{"start":{"line":57,"column":19},"end":{"line":57,"column":39}},"type":"binary-expr","locations":[{"start":{"line":57,"column":19},"end":{"line":57,"column":33}},{"start":{"line":57,"column":37},"end":{"line":57,"column":39}}],"line":57}},"s":{"0":1,"1":1,"2":1,"3":1,"4":1,"5":7,"6":7,"7":1,"8":1,"9":1,"10":1,"11":0,"12":9,"13":9},"f":{"0":7,"1":1,"2":1,"3":0,"4":9},"b":{"0":[7,6],"1":[7,6]},"_coverageSchema":"43e27e138ebf9cfc5966b082cf9a028302ed4184","hash":"799bd906687a9c77a9149ac88e20f06f42727194"}
}
