{"C:\\Users\\wrse\\Desktop\\clone-t-2\\setupEnzyme.js": {"path":"C:\\Users\\wrse\\Desktop\\clone-t-2\\setupEnzyme.js","statementMap":{"0":{"start":{"line":4,"column":0},"end":{"line":4,"column":38}}},"fnMap":{},"branchMap":{},"s":{"0":2},"f":{},"b":{},"_coverageSchema":"43e27e138ebf9cfc5966b082cf9a028302ed4184","hash":"43ed0a04020ec96b417548b7886d5eaebb8ba8c7"}
,"C:\\Users\\wrse\\Desktop\\clone-t-2\\lib\\components\\rootState\\rootSaga.js": {"path":"C:\\Users\\wrse\\Desktop\\clone-t-2\\lib\\components\\rootState\\rootSaga.js","statementMap":{"0":{"start":{"line":4,"column":3},"end":{"line":6,"column":6}}},"fnMap":{"0":{"name":"rootSaga","decl":{"start":{"line":3,"column":25},"end":{"line":3,"column":33}},"loc":{"start":{"line":3,"column":36},"end":{"line":7,"column":1}},"line":3}},"branchMap":{},"s":{"0":1},"f":{"0":1},"b":{},"_coverageSchema":"43e27e138ebf9cfc5966b082cf9a028302ed4184","hash":"eeb949f13e8d406983a13eb95c6d87f753446b6d"}
,"C:\\Users\\wrse\\Desktop\\clone-t-2\\lib\\components\\rootState\\rootStore.js": {"path":"C:\\Users\\wrse\\Desktop\\clone-t-2\\lib\\components\\rootState\\rootStore.js","statementMap":{"0":{"start":{"line":9,"column":20},"end":{"line":11,"column":2}},"1":{"start":{"line":13,"column":23},"end":{"line":13,"column":45}},"2":{"start":{"line":15,"column":14},"end":{"line":18,"column":1}},"3":{"start":{"line":20,"column":0},"end":{"line":20,"column":29}}},"fnMap":{},"branchMap":{},"s":{"0":1,"1":1,"2":1,"3":1},"f":{},"b":{},"_coverageSchema":"43e27e138ebf9cfc5966b082cf9a028302ed4184","hash":"98699b4291e9b9c8ed47d76d3630adf832c4c6ef"}
,"C:\\Users\\wrse\\Desktop\\clone-t-2\\lib\\components\\user\\userActions.js": {"path":"C:\\Users\\wrse\\Desktop\\clone-t-2\\lib\\components\\user\\userActions.js","statementMap":{"0":{"start":{"line":1,"column":31},"end":{"line":6,"column":1}},"1":{"start":{"line":8,"column":21},"end":{"line":11,"column":2}},"2":{"start":{"line":8,"column":29},"end":{"line":11,"column":1}},"3":{"start":{"line":13,"column":22},"end":{"line":16,"column":2}},"4":{"start":{"line":13,"column":29},"end":{"line":16,"column":1}},"5":{"start":{"line":18,"column":27},"end":{"line":21,"column":2}},"6":{"start":{"line":18,"column":37},"end":{"line":21,"column":1}},"7":{"start":{"line":23,"column":30},"end":{"line":26,"column":2}},"8":{"start":{"line":23,"column":40},"end":{"line":26,"column":1}}},"fnMap":{"0":{"name":"(anonymous_0)","decl":{"start":{"line":8,"column":21},"end":{"line":8,"column":22}},"loc":{"start":{"line":8,"column":29},"end":{"line":11,"column":1}},"line":8},"1":{"name":"(anonymous_1)","decl":{"start":{"line":13,"column":22},"end":{"line":13,"column":23}},"loc":{"start":{"line":13,"column":29},"end":{"line":16,"column":1}},"line":13},"2":{"name":"(anonymous_2)","decl":{"start":{"line":18,"column":27},"end":{"line":18,"column":28}},"loc":{"start":{"line":18,"column":37},"end":{"line":21,"column":1}},"line":18},"3":{"name":"(anonymous_3)","decl":{"start":{"line":23,"column":30},"end":{"line":23,"column":31}},"loc":{"start":{"line":23,"column":40},"end":{"line":26,"column":1}},"line":23}},"branchMap":{},"s":{"0":1,"1":1,"2":0,"3":1,"4":0,"5":1,"6":1,"7":1,"8":1},"f":{"0":0,"1":0,"2":1,"3":1},"b":{},"_coverageSchema":"43e27e138ebf9cfc5966b082cf9a028302ed4184","hash":"cbdc5159c6082388da7b41c4d6e4b0a85b05cebc"}
,"C:\\Users\\wrse\\Desktop\\clone-t-2\\lib\\components\\user\\userReducer.js": {"path":"C:\\Users\\wrse\\Desktop\\clone-t-2\\lib\\components\\user\\userReducer.js","statementMap":{"0":{"start":{"line":5,"column":3},"end":{"line":12,"column":4}},"1":{"start":{"line":7,"column":12},"end":{"line":7,"column":58}},"2":{"start":{"line":9,"column":12},"end":{"line":9,"column":55}},"3":{"start":{"line":11,"column":12},"end":{"line":11,"column":25}}},"fnMap":{"0":{"name":"userReducer","decl":{"start":{"line":4,"column":16},"end":{"line":4,"column":27}},"loc":{"start":{"line":4,"column":62},"end":{"line":13,"column":1}},"line":4}},"branchMap":{"0":{"loc":{"start":{"line":4,"column":28},"end":{"line":4,"column":52}},"type":"default-arg","locations":[{"start":{"line":4,"column":36},"end":{"line":4,"column":52}}],"line":4},"1":{"loc":{"start":{"line":5,"column":3},"end":{"line":12,"column":4}},"type":"switch","locations":[{"start":{"line":6,"column":9},"end":{"line":7,"column":58}},{"start":{"line":8,"column":9},"end":{"line":9,"column":55}},{"start":{"line":10,"column":9},"end":{"line":11,"column":25}}],"line":5}},"s":{"0":5,"1":1,"2":1,"3":3},"f":{"0":5},"b":{"0":[3],"1":[1,1,3]},"_coverageSchema":"43e27e138ebf9cfc5966b082cf9a028302ed4184","hash":"b6802855172e0269d99bfb47924b79e8d518e715"}
,"C:\\Users\\wrse\\Desktop\\clone-t-2\\lib\\components\\user\\userState.js": {"path":"C:\\Users\\wrse\\Desktop\\clone-t-2\\lib\\components\\user\\userState.js","statementMap":{"0":{"start":{"line":1,"column":32},"end":{"line":4,"column":1}}},"fnMap":{},"branchMap":{},"s":{"0":1},"f":{},"b":{},"_coverageSchema":"43e27e138ebf9cfc5966b082cf9a028302ed4184","hash":"c40dd0191cce0024cccc99aa59430ec992d7506b"}
,"C:\\Users\\wrse\\Desktop\\clone-t-2\\lib\\components\\welcomePage\\DescriptionPage.js": {"path":"C:\\Users\\wrse\\Desktop\\clone-t-2\\lib\\components\\welcomePage\\DescriptionPage.js","statementMap":{"0":{"start":{"line":4,"column":18},"end":{"line":11,"column":1}},"1":{"start":{"line":13,"column":15},"end":{"line":16,"column":1}},"2":{"start":{"line":18,"column":13},"end":{"line":23,"column":1}},"3":{"start":{"line":25,"column":13},"end":{"line":27,"column":1}},"4":{"start":{"line":31,"column":3},"end":{"line":51,"column":5}}},"fnMap":{"0":{"name":"DescriptionPage","decl":{"start":{"line":30,"column":9},"end":{"line":30,"column":24}},"loc":{"start":{"line":30,"column":27},"end":{"line":52,"column":1}},"line":30}},"branchMap":{},"s":{"0":1,"1":1,"2":1,"3":1,"4":1},"f":{"0":1},"b":{},"_coverageSchema":"43e27e138ebf9cfc5966b082cf9a028302ed4184","hash":"66712625bb8076038f376edd92fefe80090d0c54"}
,"C:\\Users\\wrse\\Desktop\\clone-t-2\\lib\\components\\welcomePage\\LoginPanel.js": {"path":"C:\\Users\\wrse\\Desktop\\clone-t-2\\lib\\components\\welcomePage\\LoginPanel.js","statementMap":{"0":{"start":{"line":8,"column":21},"end":{"line":16,"column":1}},"1":{"start":{"line":18,"column":24},"end":{"line":21,"column":1}},"2":{"start":{"line":23,"column":19},"end":{"line":28,"column":1}},"3":{"start":{"line":30,"column":29},"end":{"line":34,"column":1}},"4":{"start":{"line":36,"column":20},"end":{"line":53,"column":1}},"5":{"start":{"line":56,"column":31},"end":{"line":56,"column":36}},"6":{"start":{"line":58,"column":29},"end":{"line":60,"column":4}},"7":{"start":{"line":59,"column":6},"end":{"line":59,"column":41}},"8":{"start":{"line":62,"column":32},"end":{"line":64,"column":4}},"9":{"start":{"line":63,"column":6},"end":{"line":63,"column":44}},"10":{"start":{"line":66,"column":23},"end":{"line":69,"column":4}},"11":{"start":{"line":68,"column":6},"end":{"line":68,"column":55}},"12":{"start":{"line":70,"column":3},"end":{"line":79,"column":5}},"13":{"start":{"line":82,"column":24},"end":{"line":88,"column":1}},"14":{"start":{"line":83,"column":31},"end":{"line":83,"column":46}},"15":{"start":{"line":84,"column":3},"end":{"line":87,"column":5}}},"fnMap":{"0":{"name":"LoginPanel","decl":{"start":{"line":55,"column":16},"end":{"line":55,"column":26}},"loc":{"start":{"line":55,"column":34},"end":{"line":80,"column":1}},"line":55},"1":{"name":"(anonymous_1)","decl":{"start":{"line":58,"column":29},"end":{"line":58,"column":30}},"loc":{"start":{"line":58,"column":38},"end":{"line":60,"column":4}},"line":58},"2":{"name":"(anonymous_2)","decl":{"start":{"line":62,"column":32},"end":{"line":62,"column":33}},"loc":{"start":{"line":62,"column":41},"end":{"line":64,"column":4}},"line":62},"3":{"name":"(anonymous_3)","decl":{"start":{"line":66,"column":23},"end":{"line":66,"column":24}},"loc":{"start":{"line":66,"column":29},"end":{"line":69,"column":4}},"line":66},"4":{"name":"(anonymous_4)","decl":{"start":{"line":82,"column":24},"end":{"line":82,"column":25}},"loc":{"start":{"line":82,"column":35},"end":{"line":88,"column":1}},"line":82}},"branchMap":{},"s":{"0":1,"1":1,"2":1,"3":1,"4":1,"5":5,"6":5,"7":1,"8":5,"9":1,"10":5,"11":0,"12":5,"13":1,"14":0,"15":0},"f":{"0":5,"1":1,"2":1,"3":0,"4":0},"b":{},"_coverageSchema":"43e27e138ebf9cfc5966b082cf9a028302ed4184","hash":"d2787e8bab9a1e60f2b5f1797635bd48557c15ac"}
}
