TN:
SF:C:\Users\wrse\Desktop\clone-t-2\setupEnzyme.js
FNF:0
FNH:0
DA:4,2
LF:1
LH:1
BRF:0
BRH:0
end_of_record
TN:
SF:C:\Users\wrse\Desktop\clone-t-2\lib\components\rootState\rootSaga.js
FN:3,rootSaga
FNF:1
FNH:1
FNDA:1,rootSaga
DA:4,1
LF:1
LH:1
BRF:0
BRH:0
end_of_record
TN:
SF:C:\Users\wrse\Desktop\clone-t-2\lib\components\rootState\rootStore.js
FNF:0
FNH:0
DA:9,1
DA:13,1
DA:15,1
DA:20,1
LF:4
LH:4
BRF:0
BRH:0
end_of_record
TN:
SF:C:\Users\wrse\Desktop\clone-t-2\lib\components\user\userActions.js
FN:8,(anonymous_0)
FN:13,(anonymous_1)
FN:18,(anonymous_2)
FN:23,(anonymous_3)
FNF:4
FNH:2
FNDA:0,(anonymous_0)
FNDA:0,(anonymous_1)
FNDA:1,(anonymous_2)
FNDA:1,(anonymous_3)
DA:1,1
DA:8,1
DA:13,1
DA:18,1
DA:23,1
LF:5
LH:5
BRF:0
BRH:0
end_of_record
TN:
SF:C:\Users\wrse\Desktop\clone-t-2\lib\components\user\userReducer.js
FN:4,userReducer
FNF:1
FNH:1
FNDA:5,userReducer
DA:5,5
DA:7,1
DA:9,1
DA:11,3
LF:4
LH:4
BRDA:4,0,0,3
BRDA:5,1,0,1
BRDA:5,1,1,1
BRDA:5,1,2,3
BRF:4
BRH:4
end_of_record
TN:
SF:C:\Users\wrse\Desktop\clone-t-2\lib\components\user\userState.js
FNF:0
FNH:0
DA:1,1
LF:1
LH:1
BRF:0
BRH:0
end_of_record
TN:
SF:C:\Users\wrse\Desktop\clone-t-2\lib\components\welcomePage\DescriptionPage.js
FN:30,DescriptionPage
FNF:1
FNH:1
FNDA:1,DescriptionPage
DA:4,1
DA:13,1
DA:18,1
DA:25,1
DA:31,1
LF:5
LH:5
BRF:0
BRH:0
end_of_record
TN:
SF:C:\Users\wrse\Desktop\clone-t-2\lib\components\welcomePage\LoginPanel.js
FN:55,LoginPanel
FN:58,(anonymous_1)
FN:62,(anonymous_2)
FN:66,(anonymous_3)
FN:82,(anonymous_4)
FNF:5
FNH:3
FNDA:5,LoginPanel
FNDA:1,(anonymous_1)
FNDA:1,(anonymous_2)
FNDA:0,(anonymous_3)
FNDA:0,(anonymous_4)
DA:8,1
DA:18,1
DA:23,1
DA:30,1
DA:36,1
DA:56,5
DA:58,5
DA:59,1
DA:62,5
DA:63,1
DA:66,5
DA:68,0
DA:70,5
DA:82,1
DA:83,0
DA:84,0
LF:16
LH:13
BRF:0
BRH:0
end_of_record
