TN:
SF:C:\Users\wrse\Desktop\clone-t-2\setupEnzyme.js
FNF:0
FNH:0
DA:4,2
LF:1
LH:1
BRF:0
BRH:0
end_of_record
TN:
SF:C:\Users\wrse\Desktop\clone-t-2\lib\components\welcomePage\DescriptionPage.js
FN:30,DescriptionPage
FNF:1
FNH:1
FNDA:1,DescriptionPage
DA:4,1
DA:13,1
DA:18,1
DA:25,1
DA:31,1
LF:5
LH:5
BRF:0
BRH:0
end_of_record
TN:
SF:C:\Users\wrse\Desktop\clone-t-2\lib\components\welcomePage\LoginPanel.js
FN:52,(anonymous_0)
FN:61,(anonymous_1)
FN:67,(anonymous_2)
FN:73,(anonymous_3)
FN:78,(anonymous_4)
FNF:5
FNH:4
FNDA:7,(anonymous_0)
FNDA:1,(anonymous_1)
FNDA:1,(anonymous_2)
FNDA:0,(anonymous_3)
FNDA:9,(anonymous_4)
DA:4,1
DA:14,1
DA:19,1
DA:26,1
DA:32,1
DA:53,7
DA:55,7
DA:63,1
DA:64,1
DA:69,1
DA:70,1
DA:75,0
DA:79,9
DA:80,9
LF:14
LH:13
BRDA:56,0,0,7
BRDA:56,0,1,6
BRDA:57,1,0,7
BRDA:57,1,1,6
BRF:4
BRH:4
end_of_record
